# JRE version: Java(TM) SE Runtime Environment (8.0-b84) (build 1.8.0-ea-b84)
# Java VM: Java HotSpot(TM) 64-Bit Server VM (25.0-b25 mixed mode bsd-amd64 compressed oops)
Heap
 PSYoungGen      total 24320K, used 11966K [0x00000007aaab0000, 0x00000007afbe0000, 0x0000000800000000)
  eden space 24000K, 48% used [0x00000007aaab0000,0x00000007ab6179e0,0x00000007ac220000)
  from space 320K, 90% used [0x00000007afb50000,0x00000007afb98000,0x00000007afba0000)
  to   space 256K, 0% used [0x00000007afba0000,0x00000007afba0000,0x00000007afbe0000)
 ParOldGen       total 174784K, used 25351K [0x0000000700000000, 0x000000070aab0000, 0x00000007aaab0000)
  object space 174784K, 14% used [0x0000000700000000,0x00000007018c1cf0,0x000000070aab0000)
 Metaspace total 14808K, used 14446K, reserved 116736K
  data space     12913K, used 12679K, reserved 14336K
  class space    1895K, used 1767K, reserved 102400K
GC Heap History (10 events):
Event: 1408.101 GC heap before
{Heap before GC invocations=101 (full 0):
 PSYoungGen      total 25856K, used 25824K [0x00000007aaab0000, 0x00000007afc80000, 0x0000000800000000)
  eden space 25600K, 100% used [0x00000007aaab0000,0x00000007ac3b0000,0x00000007ac3b0000)
  from space 256K, 87% used [0x00000007afc40000,0x00000007afc78000,0x00000007afc80000)
  to   space 384K, 0% used [0x00000007afbc0000,0x00000007afbc0000,0x00000007afc20000)
 ParOldGen       total 174784K, used 25023K [0x0000000700000000, 0x000000070aab0000, 0x00000007aaab0000)
  object space 174784K, 14% used [0x0000000700000000,0x000000070186fcf0,0x000000070aab0000)
 Metaspace total 14808K, used 14446K, reserved 116736K
  data space     12913K, used 12679K, reserved 14336K
  class space    1895K, used 1767K, reserved 102400K
Event: 1408.105 GC heap after
Heap after GC invocations=101 (full 0):
 PSYoungGen      total 25536K, used 256K [0x00000007aaab0000, 0x00000007afc50000, 0x0000000800000000)
  eden space 25280K, 0% used [0x00000007aaab0000,0x00000007aaab0000,0x00000007ac360000)
  from space 256K, 100% used [0x00000007afbc0000,0x00000007afc00000,0x00000007afc00000)
  to   space 320K, 0% used [0x00000007afc00000,0x00000007afc00000,0x00000007afc50000)
 ParOldGen       total 174784K, used 25079K [0x0000000700000000, 0x000000070aab0000, 0x00000007aaab0000)
  object space 174784K, 14% used [0x0000000700000000,0x000000070187dcf0,0x000000070aab0000)
 Metaspace total 14808K, used 14446K, reserved 116736K
  data space     12913K, used 12679K, reserved 14336K
  class space    1895K, used 1767K, reserved 102400K
}
Event: 1410.876 GC heap before
{Heap before GC invocations=102 (full 0):
 PSYoungGen      total 25536K, used 25536K [0x00000007aaab0000, 0x00000007afc50000, 0x0000000800000000)
  eden space 25280K, 100% used [0x00000007aaab0000,0x00000007ac360000,0x00000007ac360000)
  from space 256K, 100% used [0x00000007afbc0000,0x00000007afc00000,0x00000007afc00000)
  to   space 320K, 0% used [0x00000007afc00000,0x00000007afc00000,0x00000007afc50000)
 ParOldGen       total 174784K, used 25079K [0x0000000700000000, 0x000000070aab0000, 0x00000007aaab0000)
  object space 174784K, 14% used [0x0000000700000000,0x000000070187dcf0,0x000000070aab0000)
 Metaspace total 14808K, used 14446K, reserved 116736K
  data space     12913K, used 12679K, reserved 14336K
  class space    1895K, used 1767K, reserved 102400K
Event: 1410.878 GC heap after
Heap after GC invocations=102 (full 0):
 PSYoungGen      total 25280K, used 288K [0x00000007aaab0000, 0x00000007afc50000, 0x0000000800000000)
  eden space 24960K, 0% used [0x00000007aaab0000,0x00000007aaab0000,0x00000007ac310000)
  from space 320K, 90% used [0x00000007afc00000,0x00000007afc48000,0x00000007afc50000)
  to   space 384K, 0% used [0x00000007afb90000,0x00000007afb90000,0x00000007afbf0000)
 ParOldGen       total 174784K, used 25143K [0x0000000700000000, 0x000000070aab0000, 0x00000007aaab0000)
  object space 174784K, 14% used [0x0000000700000000,0x000000070188dcf0,0x000000070aab0000)
 Metaspace total 14808K, used 14446K, reserved 116736K
  data space     12913K, used 12679K, reserved 14336K
  class space    1895K, used 1767K, reserved 102400K
}
Event: 1413.658 GC heap before
{Heap before GC invocations=103 (full 0):
 PSYoungGen      total 25280K, used 25248K [0x00000007aaab0000, 0x00000007afc50000, 0x0000000800000000)
  eden space 24960K, 100% used [0x00000007aaab0000,0x00000007ac310000,0x00000007ac310000)
  from space 320K, 90% used [0x00000007afc00000,0x00000007afc48000,0x00000007afc50000)
  to   space 384K, 0% used [0x00000007afb90000,0x00000007afb90000,0x00000007afbf0000)
 ParOldGen       total 174784K, used 25143K [0x0000000700000000, 0x000000070aab0000, 0x00000007aaab0000)
  object space 174784K, 14% used [0x0000000700000000,0x000000070188dcf0,0x000000070aab0000)
 Metaspace total 14808K, used 14446K, reserved 116736K
  data space     12913K, used 12679K, reserved 14336K
  class space    1895K, used 1767K, reserved 102400K
Event: 1413.661 GC heap after
Heap after GC invocations=103 (full 0):
 PSYoungGen      total 24896K, used 256K [0x00000007aaab0000, 0x00000007afc10000, 0x0000000800000000)
  eden space 24640K, 0% used [0x00000007aaab0000,0x00000007aaab0000,0x00000007ac2c0000)
  from space 256K, 100% used [0x00000007afb90000,0x00000007afbd0000,0x00000007afbd0000)
  to   space 256K, 0% used [0x00000007afbd0000,0x00000007afbd0000,0x00000007afc10000)
 ParOldGen       total 174784K, used 25199K [0x0000000700000000, 0x000000070aab0000, 0x00000007aaab0000)
  object space 174784K, 14% used [0x0000000700000000,0x000000070189bcf0,0x000000070aab0000)
 Metaspace total 14808K, used 14446K, reserved 116736K
  data space     12913K, used 12679K, reserved 14336K
  class space    1895K, used 1767K, reserved 102400K
}
Event: 1416.342 GC heap before
{Heap before GC invocations=104 (full 0):
 PSYoungGen      total 24896K, used 24894K [0x00000007aaab0000, 0x00000007afc10000, 0x0000000800000000)
  eden space 24640K, 99% used [0x00000007aaab0000,0x00000007ac2bfbb0,0x00000007ac2c0000)
  from space 256K, 100% used [0x00000007afb90000,0x00000007afbd0000,0x00000007afbd0000)
  to   space 256K, 0% used [0x00000007afbd0000,0x00000007afbd0000,0x00000007afc10000)
 ParOldGen       total 174784K, used 25199K [0x0000000700000000, 0x000000070aab0000, 0x00000007aaab0000)
  object space 174784K, 14% used [0x0000000700000000,0x000000070189bcf0,0x000000070aab0000)
 Metaspace total 14808K, used 14446K, reserved 116736K
  data space     12913K, used 12679K, reserved 14336K
  class space    1895K, used 1767K, reserved 102400K
Event: 1416.344 GC heap after
Heap after GC invocations=104 (full 0):
 PSYoungGen      total 24576K, used 256K [0x00000007aaab0000, 0x00000007afc10000, 0x0000000800000000)
  eden space 24320K, 0% used [0x00000007aaab0000,0x00000007aaab0000,0x00000007ac270000)
  from space 256K, 100% used [0x00000007afbd0000,0x00000007afc10000,0x00000007afc10000)
  to   space 384K, 0% used [0x00000007afb50000,0x00000007afb50000,0x00000007afbb0000)
 ParOldGen       total 174784K, used 25279K [0x0000000700000000, 0x000000070aab0000, 0x00000007aaab0000)
  object space 174784K, 14% used [0x0000000700000000,0x00000007018afcf0,0x000000070aab0000)
 Metaspace total 14808K, used 14446K, reserved 116736K
  data space     12913K, used 12679K, reserved 14336K
  class space    1895K, used 1767K, reserved 102400K
}
Event: 1419.044 GC heap before
{Heap before GC invocations=105 (full 0):
 PSYoungGen      total 24576K, used 24576K [0x00000007aaab0000, 0x00000007afc10000, 0x0000000800000000)
  eden space 24320K, 100% used [0x00000007aaab0000,0x00000007ac270000,0x00000007ac270000)
  from space 256K, 100% used [0x00000007afbd0000,0x00000007afc10000,0x00000007afc10000)
  to   space 384K, 0% used [0x00000007afb50000,0x00000007afb50000,0x00000007afbb0000)
 ParOldGen       total 174784K, used 25279K [0x0000000700000000, 0x000000070aab0000, 0x00000007aaab0000)
  object space 174784K, 14% used [0x0000000700000000,0x00000007018afcf0,0x000000070aab0000)
 Metaspace total 14808K, used 14446K, reserved 116736K
  data space     12913K, used 12679K, reserved 14336K
  class space    1895K, used 1767K, reserved 102400K
Event: 1419.047 GC heap after
Heap after GC invocations=105 (full 0):
 PSYoungGen      total 24320K, used 288K [0x00000007aaab0000, 0x00000007afbe0000, 0x0000000800000000)
  eden space 24000K, 0% used [0x00000007aaab0000,0x00000007aaab0000,0x00000007ac220000)
  from space 320K, 90% used [0x00000007afb50000,0x00000007afb98000,0x00000007afba0000)
  to   space 256K, 0% used [0x00000007afba0000,0x00000007afba0000,0x00000007afbe0000)
 ParOldGen       total 174784K, used 25351K [0x0000000700000000, 0x000000070aab0000, 0x00000007aaab0000)
  object space 174784K, 14% used [0x0000000700000000,0x00000007018c1cf0,0x000000070aab0000)
 Metaspace total 14808K, used 14446K, reserved 116736K
  data space     12913K, used 12679K, reserved 14336K
  class space    1895K, used 1767K, reserved 102400K
}

