# JRE version: OpenJDK Runtime Environment (8.0) (build 1.8.0-ea-lambda-nightly-h4016-20130415-b86-b00)
# Java VM: OpenJDK 64-Bit Server VM (25.0-b25 mixed mode bsd-amd64 compressed oops)
Heap
 PSYoungGen      total 76480K, used 4272K [0x00000007aaab0000, 0x00000007b0000000, 0x0000000800000000)
  eden space 65600K, 5% used [0x00000007aaab0000,0x00000007aade40d8,0x00000007aeac0000)
  from space 10880K, 9% used [0x00000007af560000,0x00000007af658000,0x00000007b0000000)
  to   space 10880K, 0% used [0x00000007aeac0000,0x00000007aeac0000,0x00000007af560000)
 ParOldGen       total 174784K, used 5648K [0x0000000700000000, 0x000000070aab0000, 0x00000007aaab0000)
  object space 174784K, 3% used [0x0000000700000000,0x0000000700584210,0x000000070aab0000)
 Metaspace total 8974K, used 8797K, reserved 110592K
  data space     7896K, used 7780K, reserved 8192K
  class space    1078K, used 1017K, reserved 102400K
GC Heap History (10 events):
Event: 426.646 GC heap before
{Heap before GC invocations=11 (full 5):
 PSYoungGen      total 76480K, used 11808K [0x00000007aaab0000, 0x00000007b0000000, 0x0000000800000000)
  eden space 65600K, 18% used [0x00000007aaab0000,0x00000007ab638278,0x00000007aeac0000)
  from space 10880K, 0% used [0x00000007aeac0000,0x00000007aeac0000,0x00000007af560000)
  to   space 10880K, 0% used [0x00000007af560000,0x00000007af560000,0x00000007b0000000)
 ParOldGen       total 174784K, used 5648K [0x0000000700000000, 0x000000070aab0000, 0x00000007aaab0000)
  object space 174784K, 3% used [0x0000000700000000,0x0000000700584210,0x000000070aab0000)
 Metaspace total 8974K, used 8793K, reserved 110592K
  data space     7896K, used 7777K, reserved 8192K
  class space    1078K, used 1016K, reserved 102400K
Event: 426.653 GC heap after
Heap after GC invocations=11 (full 5):
 PSYoungGen      total 76480K, used 1024K [0x00000007aaab0000, 0x00000007b0000000, 0x0000000800000000)
  eden space 65600K, 0% used [0x00000007aaab0000,0x00000007aaab0000,0x00000007aeac0000)
  from space 10880K, 9% used [0x00000007af560000,0x00000007af660000,0x00000007b0000000)
  to   space 10880K, 0% used [0x00000007aeac0000,0x00000007aeac0000,0x00000007af560000)
 ParOldGen       total 174784K, used 5648K [0x0000000700000000, 0x000000070aab0000, 0x00000007aaab0000)
  object space 174784K, 3% used [0x0000000700000000,0x0000000700584210,0x000000070aab0000)
 Metaspace total 8974K, used 8793K, reserved 110592K
  data space     7896K, used 7777K, reserved 8192K
  class space    1078K, used 1016K, reserved 102400K
}
Event: 426.653 GC heap before
{Heap before GC invocations=12 (full 6):
 PSYoungGen      total 76480K, used 1024K [0x00000007aaab0000, 0x00000007b0000000, 0x0000000800000000)
  eden space 65600K, 0% used [0x00000007aaab0000,0x00000007aaab0000,0x00000007aeac0000)
  from space 10880K, 9% used [0x00000007af560000,0x00000007af660000,0x00000007b0000000)
  to   space 10880K, 0% used [0x00000007aeac0000,0x00000007aeac0000,0x00000007af560000)
 ParOldGen       total 174784K, used 5648K [0x0000000700000000, 0x000000070aab0000, 0x00000007aaab0000)
  object space 174784K, 3% used [0x0000000700000000,0x0000000700584210,0x000000070aab0000)
 Metaspace total 8974K, used 8793K, reserved 110592K
  data space     7896K, used 7777K, reserved 8192K
  class space    1078K, used 1016K, reserved 102400K
Event: 426.666 GC heap after
Heap after GC invocations=12 (full 6):
 PSYoungGen      total 76480K, used 0K [0x00000007aaab0000, 0x00000007b0000000, 0x0000000800000000)
  eden space 65600K, 0% used [0x00000007aaab0000,0x00000007aaab0000,0x00000007aeac0000)
  from space 10880K, 0% used [0x00000007af560000,0x00000007af560000,0x00000007b0000000)
  to   space 10880K, 0% used [0x00000007aeac0000,0x00000007aeac0000,0x00000007af560000)
 ParOldGen       total 174784K, used 5648K [0x0000000700000000, 0x000000070aab0000, 0x00000007aaab0000)
  object space 174784K, 3% used [0x0000000700000000,0x00000007005842c0,0x000000070aab0000)
 Metaspace total 8974K, used 8793K, reserved 110592K
  data space     7896K, used 7777K, reserved 8192K
  class space    1078K, used 1016K, reserved 102400K
}
Event: 482.149 GC heap before
{Heap before GC invocations=13 (full 6):
 PSYoungGen      total 76480K, used 11808K [0x00000007aaab0000, 0x00000007b0000000, 0x0000000800000000)
  eden space 65600K, 18% used [0x00000007aaab0000,0x00000007ab638230,0x00000007aeac0000)
  from space 10880K, 0% used [0x00000007af560000,0x00000007af560000,0x00000007b0000000)
  to   space 10880K, 0% used [0x00000007aeac0000,0x00000007aeac0000,0x00000007af560000)
 ParOldGen       total 174784K, used 5648K [0x0000000700000000, 0x000000070aab0000, 0x00000007aaab0000)
  object space 174784K, 3% used [0x0000000700000000,0x00000007005842c0,0x000000070aab0000)
 Metaspace total 8974K, used 8793K, reserved 110592K
  data space     7896K, used 7777K, reserved 8192K
  class space    1078K, used 1016K, reserved 102400K
Event: 482.154 GC heap after
Heap after GC invocations=13 (full 6):
 PSYoungGen      total 76480K, used 992K [0x00000007aaab0000, 0x00000007b0000000, 0x0000000800000000)
  eden space 65600K, 0% used [0x00000007aaab0000,0x00000007aaab0000,0x00000007aeac0000)
  from space 10880K, 9% used [0x00000007aeac0000,0x00000007aebb8000,0x00000007af560000)
  to   space 10880K, 0% used [0x00000007af560000,0x00000007af560000,0x00000007b0000000)
 ParOldGen       total 174784K, used 5648K [0x0000000700000000, 0x000000070aab0000, 0x00000007aaab0000)
  object space 174784K, 3% used [0x0000000700000000,0x00000007005842c0,0x000000070aab0000)
 Metaspace total 8974K, used 8793K, reserved 110592K
  data space     7896K, used 7777K, reserved 8192K
  class space    1078K, used 1016K, reserved 102400K
}
Event: 482.155 GC heap before
{Heap before GC invocations=14 (full 7):
 PSYoungGen      total 76480K, used 992K [0x00000007aaab0000, 0x00000007b0000000, 0x0000000800000000)
  eden space 65600K, 0% used [0x00000007aaab0000,0x00000007aaab0000,0x00000007aeac0000)
  from space 10880K, 9% used [0x00000007aeac0000,0x00000007aebb8000,0x00000007af560000)
  to   space 10880K, 0% used [0x00000007af560000,0x00000007af560000,0x00000007b0000000)
 ParOldGen       total 174784K, used 5648K [0x0000000700000000, 0x000000070aab0000, 0x00000007aaab0000)
  object space 174784K, 3% used [0x0000000700000000,0x00000007005842c0,0x000000070aab0000)
 Metaspace total 8974K, used 8793K, reserved 110592K
  data space     7896K, used 7777K, reserved 8192K
  class space    1078K, used 1016K, reserved 102400K
Event: 482.167 GC heap after
Heap after GC invocations=14 (full 7):
 PSYoungGen      total 76480K, used 0K [0x00000007aaab0000, 0x00000007b0000000, 0x0000000800000000)
  eden space 65600K, 0% used [0x00000007aaab0000,0x00000007aaab0000,0x00000007aeac0000)
  from space 10880K, 0% used [0x00000007aeac0000,0x00000007aeac0000,0x00000007af560000)
  to   space 10880K, 0% used [0x00000007af560000,0x00000007af560000,0x00000007b0000000)
 ParOldGen       total 174784K, used 5648K [0x0000000700000000, 0x000000070aab0000, 0x00000007aaab0000)
  object space 174784K, 3% used [0x0000000700000000,0x0000000700584210,0x000000070aab0000)
 Metaspace total 8974K, used 8793K, reserved 110592K
  data space     7896K, used 7777K, reserved 8192K
  class space    1078K, used 1016K, reserved 102400K
}
Event: 539.851 GC heap before
{Heap before GC invocations=15 (full 7):
 PSYoungGen      total 76480K, used 11808K [0x00000007aaab0000, 0x00000007b0000000, 0x0000000800000000)
  eden space 65600K, 18% used [0x00000007aaab0000,0x00000007ab638338,0x00000007aeac0000)
  from space 10880K, 0% used [0x00000007aeac0000,0x00000007aeac0000,0x00000007af560000)
  to   space 10880K, 0% used [0x00000007af560000,0x00000007af560000,0x00000007b0000000)
 ParOldGen       total 174784K, used 5648K [0x0000000700000000, 0x000000070aab0000, 0x00000007aaab0000)
  object space 174784K, 3% used [0x0000000700000000,0x0000000700584210,0x000000070aab0000)
 Metaspace total 8974K, used 8793K, reserved 110592K
  data space     7896K, used 7777K, reserved 8192K
  class space    1078K, used 1016K, reserved 102400K
Event: 539.975 GC heap after
Heap after GC invocations=15 (full 7):
 PSYoungGen      total 76480K, used 992K [0x00000007aaab0000, 0x00000007b0000000, 0x0000000800000000)
  eden space 65600K, 0% used [0x00000007aaab0000,0x00000007aaab0000,0x00000007aeac0000)
  from space 10880K, 9% used [0x00000007af560000,0x00000007af658000,0x00000007b0000000)
  to   space 10880K, 0% used [0x00000007aeac0000,0x00000007aeac0000,0x00000007af560000)
 ParOldGen       total 174784K, used 5648K [0x0000000700000000, 0x000000070aab0000, 0x00000007aaab0000)
  object space 174784K, 3% used [0x0000000700000000,0x0000000700584210,0x000000070aab0000)
 Metaspace total 8974K, used 8793K, reserved 110592K
  data space     7896K, used 7777K, reserved 8192K
  class space    1078K, used 1016K, reserved 102400K
}

