# JRE version: Java(TM) SE Runtime Environment (8.0-b84) (build 1.8.0-ea-b84)
# Java VM: Java HotSpot(TM) 64-Bit Server VM (25.0-b25 mixed mode bsd-amd64 compressed oops)
Heap
 PSYoungGen      total 15936K, used 14827K [0x00000007aaab0000, 0x00000007abed0000, 0x0000000800000000)
  eden space 12032K, 91% used [0x00000007aaab0000,0x00000007ab566ee8,0x00000007ab670000)
  from space 3904K, 98% used [0x00000007ab680000,0x00000007aba44030,0x00000007aba50000)
  to   space 4288K, 0% used [0x00000007abaa0000,0x00000007abaa0000,0x00000007abed0000)
 ParOldGen       total 96640K, used 90769K [0x0000000700000000, 0x0000000705e60000, 0x00000007aaab0000)
  object space 96640K, 93% used [0x0000000700000000,0x00000007058a4558,0x0000000705e60000)
 Metaspace total 14376K, used 14001K, reserved 116736K
  data space     12529K, used 12272K, reserved 14336K
  class space    1847K, used 1728K, reserved 102400K
GC Heap History (10 events):
Event: 909.445 GC heap before
{Heap before GC invocations=3902 (full 37):
 PSYoungGen      total 16704K, used 16005K [0x00000007aaab0000, 0x00000007abf80000, 0x0000000800000000)
  eden space 12352K, 98% used [0x00000007aaab0000,0x00000007ab695710,0x00000007ab6c0000)
  from space 4352K, 87% used [0x00000007abb40000,0x00000007abefc030,0x00000007abf80000)
  to   space 4480K, 0% used [0x00000007ab6c0000,0x00000007ab6c0000,0x00000007abb20000)
 ParOldGen       total 96640K, used 90673K [0x0000000700000000, 0x0000000705e60000, 0x00000007aaab0000)
  object space 96640K, 93% used [0x0000000700000000,0x000000070588c558,0x0000000705e60000)
 Metaspace total 14376K, used 14001K, reserved 116736K
  data space     12529K, used 12272K, reserved 14336K
  class space    1847K, used 1728K, reserved 102400K
Event: 909.447 GC heap after
Heap after GC invocations=3902 (full 37):
 PSYoungGen      total 16192K, used 3888K [0x00000007aaab0000, 0x00000007abf50000, 0x0000000800000000)
  eden space 12288K, 0% used [0x00000007aaab0000,0x00000007aaab0000,0x00000007ab6b0000)
  from space 3904K, 99% used [0x00000007ab6c0000,0x00000007aba8c030,0x00000007aba90000)
  to   space 4416K, 0% used [0x00000007abb00000,0x00000007abb00000,0x00000007abf50000)
 ParOldGen       total 96640K, used 90689K [0x0000000700000000, 0x0000000705e60000, 0x00000007aaab0000)
  object space 96640K, 93% used [0x0000000700000000,0x0000000705890558,0x0000000705e60000)
 Metaspace total 14376K, used 14001K, reserved 116736K
  data space     12529K, used 12272K, reserved 14336K
  class space    1847K, used 1728K, reserved 102400K
}
Event: 909.682 GC heap before
{Heap before GC invocations=3903 (full 37):
 PSYoungGen      total 16192K, used 16056K [0x00000007aaab0000, 0x00000007abf50000, 0x0000000800000000)
  eden space 12288K, 99% used [0x00000007aaab0000,0x00000007ab6922c8,0x00000007ab6b0000)
  from space 3904K, 99% used [0x00000007ab6c0000,0x00000007aba8c030,0x00000007aba90000)
  to   space 4416K, 0% used [0x00000007abb00000,0x00000007abb00000,0x00000007abf50000)
 ParOldGen       total 96640K, used 90689K [0x0000000700000000, 0x0000000705e60000, 0x00000007aaab0000)
  object space 96640K, 93% used [0x0000000700000000,0x0000000705890558,0x0000000705e60000)
 Metaspace total 14376K, used 14001K, reserved 116736K
  data space     12529K, used 12272K, reserved 14336K
  class space    1847K, used 1728K, reserved 102400K
Event: 909.683 GC heap after
Heap after GC invocations=3903 (full 37):
 PSYoungGen      total 16576K, used 3760K [0x00000007aaab0000, 0x00000007abf40000, 0x0000000800000000)
  eden space 12224K, 0% used [0x00000007aaab0000,0x00000007aaab0000,0x00000007ab6a0000)
  from space 4352K, 86% used [0x00000007abb00000,0x00000007abeac030,0x00000007abf40000)
  to   space 4416K, 0% used [0x00000007ab6a0000,0x00000007ab6a0000,0x00000007abaf0000)
 ParOldGen       total 96640K, used 90729K [0x0000000700000000, 0x0000000705e60000, 0x00000007aaab0000)
  object space 96640K, 93% used [0x0000000700000000,0x000000070589a558,0x0000000705e60000)
 Metaspace total 14376K, used 14001K, reserved 116736K
  data space     12529K, used 12272K, reserved 14336K
  class space    1847K, used 1728K, reserved 102400K
}
Event: 909.922 GC heap before
{Heap before GC invocations=3904 (full 37):
 PSYoungGen      total 16576K, used 15470K [0x00000007aaab0000, 0x00000007abf40000, 0x0000000800000000)
  eden space 12224K, 95% used [0x00000007aaab0000,0x00000007ab61fa38,0x00000007ab6a0000)
  from space 4352K, 86% used [0x00000007abb00000,0x00000007abeac030,0x00000007abf40000)
  to   space 4416K, 0% used [0x00000007ab6a0000,0x00000007ab6a0000,0x00000007abaf0000)
 ParOldGen       total 96640K, used 90729K [0x0000000700000000, 0x0000000705e60000, 0x00000007aaab0000)
  object space 96640K, 93% used [0x0000000700000000,0x000000070589a558,0x0000000705e60000)
 Metaspace total 14376K, used 14001K, reserved 116736K
  data space     12529K, used 12272K, reserved 14336K
  class space    1847K, used 1728K, reserved 102400K
Event: 909.924 GC heap after
Heap after GC invocations=3904 (full 37):
 PSYoungGen      total 16000K, used 3792K [0x00000007aaab0000, 0x00000007abf10000, 0x0000000800000000)
  eden space 12160K, 0% used [0x00000007aaab0000,0x00000007aaab0000,0x00000007ab690000)
  from space 3840K, 98% used [0x00000007ab6a0000,0x00000007aba54030,0x00000007aba60000)
  to   space 4352K, 0% used [0x00000007abad0000,0x00000007abad0000,0x00000007abf10000)
 ParOldGen       total 96640K, used 90745K [0x0000000700000000, 0x0000000705e60000, 0x00000007aaab0000)
  object space 96640K, 93% used [0x0000000700000000,0x000000070589e558,0x0000000705e60000)
 Metaspace total 14376K, used 14001K, reserved 116736K
  data space     12529K, used 12272K, reserved 14336K
  class space    1847K, used 1728K, reserved 102400K
}
Event: 910.194 GC heap before
{Heap before GC invocations=3905 (full 37):
 PSYoungGen      total 16000K, used 15432K [0x00000007aaab0000, 0x00000007abf10000, 0x0000000800000000)
  eden space 12160K, 95% used [0x00000007aaab0000,0x00000007ab60e220,0x00000007ab690000)
  from space 3840K, 98% used [0x00000007ab6a0000,0x00000007aba54030,0x00000007aba60000)
  to   space 4352K, 0% used [0x00000007abad0000,0x00000007abad0000,0x00000007abf10000)
 ParOldGen       total 96640K, used 90745K [0x0000000700000000, 0x0000000705e60000, 0x00000007aaab0000)
  object space 96640K, 93% used [0x0000000700000000,0x000000070589e558,0x0000000705e60000)
 Metaspace total 14376K, used 14001K, reserved 116736K
  data space     12529K, used 12272K, reserved 14336K
  class space    1847K, used 1728K, reserved 102400K
Event: 910.196 GC heap after
Heap after GC invocations=3905 (full 37):
 PSYoungGen      total 16256K, used 3760K [0x00000007aaab0000, 0x00000007abee0000, 0x0000000800000000)
  eden space 12096K, 0% used [0x00000007aaab0000,0x00000007aaab0000,0x00000007ab680000)
  from space 4160K, 90% used [0x00000007abad0000,0x00000007abe7c030,0x00000007abee0000)
  to   space 4288K, 0% used [0x00000007ab680000,0x00000007ab680000,0x00000007abab0000)
 ParOldGen       total 96640K, used 90761K [0x0000000700000000, 0x0000000705e60000, 0x00000007aaab0000)
  object space 96640K, 93% used [0x0000000700000000,0x00000007058a2558,0x0000000705e60000)
 Metaspace total 14376K, used 14001K, reserved 116736K
  data space     12529K, used 12272K, reserved 14336K
  class space    1847K, used 1728K, reserved 102400K
}
Event: 910.414 GC heap before
{Heap before GC invocations=3906 (full 37):
 PSYoungGen      total 16256K, used 15856K [0x00000007aaab0000, 0x00000007abee0000, 0x0000000800000000)
  eden space 12096K, 100% used [0x00000007aaab0000,0x00000007ab680000,0x00000007ab680000)
  from space 4160K, 90% used [0x00000007abad0000,0x00000007abe7c030,0x00000007abee0000)
  to   space 4288K, 0% used [0x00000007ab680000,0x00000007ab680000,0x00000007abab0000)
 ParOldGen       total 96640K, used 90761K [0x0000000700000000, 0x0000000705e60000, 0x00000007aaab0000)
  object space 96640K, 93% used [0x0000000700000000,0x00000007058a2558,0x0000000705e60000)
 Metaspace total 14376K, used 14001K, reserved 116736K
  data space     12529K, used 12272K, reserved 14336K
  class space    1847K, used 1728K, reserved 102400K
Event: 910.416 GC heap after
Heap after GC invocations=3906 (full 37):
 PSYoungGen      total 15936K, used 3856K [0x00000007aaab0000, 0x00000007abed0000, 0x0000000800000000)
  eden space 12032K, 0% used [0x00000007aaab0000,0x00000007aaab0000,0x00000007ab670000)
  from space 3904K, 98% used [0x00000007ab680000,0x00000007aba44030,0x00000007aba50000)
  to   space 4288K, 0% used [0x00000007abaa0000,0x00000007abaa0000,0x00000007abed0000)
 ParOldGen       total 96640K, used 90769K [0x0000000700000000, 0x0000000705e60000, 0x00000007aaab0000)
  object space 96640K, 93% used [0x0000000700000000,0x00000007058a4558,0x0000000705e60000)
 Metaspace total 14376K, used 14001K, reserved 116736K
  data space     12529K, used 12272K, reserved 14336K
  class space    1847K, used 1728K, reserved 102400K
}

